[backblue.gif]
[fade.gif]
[index.html]
[images01.nicepage.com/c13033f4a78eec2395c2063b/fe27fafa90085628a66d9e3e/Designsemnome5.png]
[static.nicepage.com/shared/assets/jquery-1.9.1.min.js]
[images01.nicepage.com/c13033f4a78eec2395c2063b/936bfc2153d25722b697dfa5/9ac0090e-6642-454d-9fa8-30e737432c4c7.png]
[pxsantos.nicepage.io/nicepage4e50.css]
[images01.nicepage.com/c13033f4a78eec2395c2063b/1a107d84093b5a3a8a75f0be/Designsemnome12.png]
[capp.nicepage.com/a168c290313721abe1b1640d3eeeb5b484018a85/nicepage.js]
[images01.nicepage.com/c13033f4a78eec2395c2063b/e250b8a90e805239838deb2b/cvv.jpg]
[capp.nicepage.com/65711fb9a7fcd1551e0947bf1d5a861061cebb39/images/default-image.jpg]
[pxsantos.nicepage.io/Shopping.html]
[images01.nicepage.com/c13033f4a78eec2395c2063b/05397c2c8c185c20b378565e/oie_Ao85RZjrnLoW.png]
[images01.nicepage.com/c13033f4a78eec2395c2063b/1bc2fea115a256e3b07e4a5b/oie_transparent2.png]
[pxsantos.nicepage.io/Amin.html]
[images01.nicepage.com/c13033f4a78eec2395c2063b/661e0d91251e5b55a4aebb68/240_F_132122637_WkIORgvZv1OyJ1udv2fOGgTPPgJJJ94g.jpg]
[pxsantos.nicepage.io/PIX.html]
[images01.nicepage.com/c13033f4a78eec2395c2063b/266a6ea096f65ae9a79bfab0/stars.png]
[pxsantos.nicepage.io/cadastro.php]
[pxsantos.nicepage.io/index.html]
[pxsantos.nicepage.io/nicepage4e50.css]
[pxsantos.nicepage.io/Shopping.html]
[images01.nicepage.com/c13033f4a78eec2395c2063b/49130ca147dd5612ae97cd80/Designsemnome14.png]
[images01.nicepage.com/c13033f4a78eec2395c2063b/2ca3921950685e3abb9f37a6/1478189.png]
[images01.nicepage.com/c13033f4a78eec2395c2063b/7425965cd693599a973ea4ac/2374355.png]
[images01.nicepage.com/c13033f4a78eec2395c2063b/8ad9fa1a62c055cfbc5adb5f/v1.png]
[images01.nicepage.com/c13033f4a78eec2395c2063b/2be250f6879952ebb414f268/Designsemnome.png]
[pxsantos.nicepage.io/Amin.html]
[images01.nicepage.com/c13033f4a78eec2395c2063b/4e16b7f063505506aa40bdc7/Designsemnome15.png]
[images01.nicepage.com/c13033f4a78eec2395c2063b/66abb46de86a5c26b6c67dae/720236.png]
[pxsantos.nicepage.io/PIX.html]
[pxsantos.nicepage.io/cadastro.html]
[images01.nicepage.com/c13033f4a78eec2395c2063b/4a60ce404a235c0ca4eec02c/g46d53682b6740377e618010f51dee92e134a0de510080ea5dbd709805b9a2f45e8fb4f6ff0de37e314b12f15e0b81007d336d91967a8629fd9793a95e33242b9]
